<?xml version="1.0" encoding="UTF-8"?>
<!-- Generated by org.testng.reporters.JUnitXMLReporter -->
<testsuite hostname="DarkskinPC" ignored="0" name="Test" tests="9" failures="0" timestamp="18 Nov 2022 13:11:08 GMT" time="111.876" errors="0">
  <testcase name="Tc77" time="10.588" classname="org.testNG.E"/>
  <testcase name="Tc44" time="10.866" classname="org.testNG.C"/>
  <testcase name="Tc12" time="15.883" classname="org.testNG.D"/>
  <testcase name="Tc87" time="14.276" classname="org.testNG.E"/>
  <testcase name="Tc66" time="15.247" classname="org.testNG.C"/>
  <testcase name="Tc13" time="23.817" classname="org.testNG.D"/>
  <testcase name="Tc99" time="36.732" classname="org.testNG.C"/>
  <testcase name="Tc97" time="42.311" classname="org.testNG.E"/>
  <testcase name="Tc17" time="72.11" classname="org.testNG.D"/>
</testsuite> <!-- Test -->
